Traceback (most recent call last):
  File "/opt/hostedtoolcache/Python/3.11.15/x64/lib/python3.11/site-packages/jupyter_cache/executors/utils.py", line 58, in single_nb_execution
    executenb(
  File "/opt/hostedtoolcache/Python/3.11.15/x64/lib/python3.11/site-packages/nbclient/client.py", line 1323, in execute
    return NotebookClient(nb=nb, resources=resources, km=km, **kwargs).execute()
           ^^^^^^^^^^^^^^^^^^^^^^^^^^^^^^^^^^^^^^^^^^^^^^^^^^^^^^^^^^^^^^^^^^^^^
  File "/opt/hostedtoolcache/Python/3.11.15/x64/lib/python3.11/site-packages/jupyter_core/utils/__init__.py", line 165, in wrapped
    return loop.run_until_complete(inner)
           ^^^^^^^^^^^^^^^^^^^^^^^^^^^^^^
  File "/opt/hostedtoolcache/Python/3.11.15/x64/lib/python3.11/asyncio/base_events.py", line 654, in run_until_complete
    return future.result()
           ^^^^^^^^^^^^^^^
  File "/opt/hostedtoolcache/Python/3.11.15/x64/lib/python3.11/site-packages/nbclient/client.py", line 709, in async_execute
    await self.async_execute_cell(
  File "/opt/hostedtoolcache/Python/3.11.15/x64/lib/python3.11/site-packages/nbclient/client.py", line 1062, in async_execute_cell
    await self._check_raise_for_error(cell, cell_index, exec_reply)
  File "/opt/hostedtoolcache/Python/3.11.15/x64/lib/python3.11/site-packages/nbclient/client.py", line 918, in _check_raise_for_error
    raise CellExecutionError.from_cell_and_msg(cell, exec_reply_content)
nbclient.exceptions.CellExecutionError: An error occurred while executing the following cell:
------------------
# Exportar a Excel
nombre_archivo = "matriz_Q_hospital.xlsx"
Q.to_excel(nombre_archivo)

print(f"Matriz exportada exitosamente a '{nombre_archivo}'.")
------------------


[31m---------------------------------------------------------------------------[39m
[31mModuleNotFoundError[39m                       Traceback (most recent call last)
[36mCell[39m[36m [39m[32mIn[15][39m[32m, line 3[39m
[32m      1[39m [38;5;66;03m# Exportar a Excel[39;00m
[32m      2[39m nombre_archivo = [33m"[39m[33mmatriz_Q_hospital.xlsx[39m[33m"[39m
[32m----> [39m[32m3[39m [43mQ[49m[43m.[49m[43mto_excel[49m[43m([49m[43mnombre_archivo[49m[43m)[49m
[32m      5[39m [38;5;28mprint[39m([33mf[39m[33m"[39m[33mMatriz exportada exitosamente a [39m[33m'[39m[38;5;132;01m{[39;00mnombre_archivo[38;5;132;01m}[39;00m[33m'[39m[33m.[39m[33m"[39m)

[36mFile [39m[32m/opt/hostedtoolcache/Python/3.11.15/x64/lib/python3.11/site-packages/pandas/core/generic.py:2312[39m, in [36mNDFrame.to_excel[39m[34m(self, excel_writer, sheet_name, na_rep, float_format, columns, header, index, index_label, startrow, startcol, engine, merge_cells, inf_rep, freeze_panes, storage_options, engine_kwargs, autofilter)[39m
[32m   2298[39m [38;5;28;01mfrom[39;00m[38;5;250m [39m[34;01mpandas[39;00m[34;01m.[39;00m[34;01mio[39;00m[34;01m.[39;00m[34;01mformats[39;00m[34;01m.[39;00m[34;01mexcel[39;00m[38;5;250m [39m[38;5;28;01mimport[39;00m ExcelFormatter
[32m   2300[39m formatter = ExcelFormatter(
[32m   2301[39m     df,
[32m   2302[39m     na_rep=na_rep,
[32m   (...)[39m[32m   2310[39m     autofilter=autofilter,
[32m   2311[39m )
[32m-> [39m[32m2312[39m [43mformatter[49m[43m.[49m[43mwrite[49m[43m([49m
[32m   2313[39m [43m    [49m[43mexcel_writer[49m[43m,[49m
[32m   2314[39m [43m    [49m[43msheet_name[49m[43m=[49m[43msheet_name[49m[43m,[49m
[32m   2315[39m [43m    [49m[43mstartrow[49m[43m=[49m[43mstartrow[49m[43m,[49m
[32m   2316[39m [43m    [49m[43mstartcol[49m[43m=[49m[43mstartcol[49m[43m,[49m
[32m   2317[39m [43m    [49m[43mfreeze_panes[49m[43m=[49m[43mfreeze_panes[49m[43m,[49m
[32m   2318[39m [43m    [49m[43mengine[49m[43m=[49m[43mengine[49m[43m,[49m
[32m   2319[39m [43m    [49m[43mstorage_options[49m[43m=[49m[43mstorage_options[49m[43m,[49m
[32m   2320[39m [43m    [49m[43mengine_kwargs[49m[43m=[49m[43mengine_kwargs[49m[43m,[49m
[32m   2321[39m [43m[49m[43m)[49m

[36mFile [39m[32m/opt/hostedtoolcache/Python/3.11.15/x64/lib/python3.11/site-packages/pandas/io/formats/excel.py:1003[39m, in [36mExcelFormatter.write[39m[34m(self, writer, sheet_name, startrow, startcol, freeze_panes, engine, storage_options, engine_kwargs)[39m
[32m   1001[39m     need_save = [38;5;28;01mFalse[39;00m
[32m   1002[39m [38;5;28;01melse[39;00m:
[32m-> [39m[32m1003[39m     writer = [43mExcelWriter[49m[43m([49m
[32m   1004[39m [43m        [49m[43mwriter[49m[43m,[49m
[32m   1005[39m [43m        [49m[43mengine[49m[43m=[49m[43mengine[49m[43m,[49m
[32m   1006[39m [43m        [49m[43mstorage_options[49m[43m=[49m[43mstorage_options[49m[43m,[49m
[32m   1007[39m [43m        [49m[43mengine_kwargs[49m[43m=[49m[43mengine_kwargs[49m[43m,[49m
[32m   1008[39m [43m    [49m[43m)[49m
[32m   1009[39m     need_save = [38;5;28;01mTrue[39;00m
[32m   1011[39m [38;5;28;01mtry[39;00m:

[36mFile [39m[32m/opt/hostedtoolcache/Python/3.11.15/x64/lib/python3.11/site-packages/pandas/io/excel/_openpyxl.py:58[39m, in [36mOpenpyxlWriter.__init__[39m[34m(self, path, engine, date_format, datetime_format, mode, storage_options, if_sheet_exists, engine_kwargs, **kwargs)[39m
[32m     45[39m [38;5;28;01mdef[39;00m[38;5;250m [39m[34m__init__[39m(  [38;5;66;03m# pyright: ignore[reportInconsistentConstructor][39;00m
[32m     46[39m     [38;5;28mself[39m,
[32m     47[39m     path: FilePath | WriteExcelBuffer | ExcelWriter,
[32m   (...)[39m[32m     56[39m ) -> [38;5;28;01mNone[39;00m:
[32m     57[39m     [38;5;66;03m# Use the openpyxl module as the Excel writer.[39;00m
[32m---> [39m[32m58[39m     [38;5;28;01mfrom[39;00m[38;5;250m [39m[34;01mopenpyxl[39;00m[34;01m.[39;00m[34;01mworkbook[39;00m[38;5;250m [39m[38;5;28;01mimport[39;00m Workbook
[32m     60[39m     engine_kwargs = combine_kwargs(engine_kwargs, kwargs)
[32m     62[39m     [38;5;28msuper[39m().[34m__init__[39m(
[32m     63[39m         path,
[32m     64[39m         mode=mode,
[32m   (...)[39m[32m     67[39m         engine_kwargs=engine_kwargs,
[32m     68[39m     )

[31mModuleNotFoundError[39m: No module named 'openpyxl'

