Traceback (most recent call last):
  File "C:\Users\jpine\AppData\Local\Programs\Python\Python312\Lib\site-packages\nbclient\client.py", line 778, in _async_poll_for_reply
    msg = await ensure_async(self.kc.shell_channel.get_msg(timeout=new_timeout))
          ^^^^^^^^^^^^^^^^^^^^^^^^^^^^^^^^^^^^^^^^^^^^^^^^^^^^^^^^^^^^^^^^^^^^^^
  File "C:\Users\jpine\AppData\Local\Programs\Python\Python312\Lib\site-packages\jupyter_core\utils\__init__.py", line 214, in ensure_async
    result = await obj
             ^^^^^^^^^
  File "C:\Users\jpine\AppData\Local\Programs\Python\Python312\Lib\site-packages\jupyter_client\channels.py", line 316, in get_msg
    raise Empty
_queue.Empty

During handling of the above exception, another exception occurred:

Traceback (most recent call last):
  File "C:\Users\jpine\AppData\Local\Programs\Python\Python312\Lib\site-packages\jupyter_cache\executors\utils.py", line 58, in single_nb_execution
    executenb(
  File "C:\Users\jpine\AppData\Local\Programs\Python\Python312\Lib\site-packages\nbclient\client.py", line 1305, in execute
    return NotebookClient(nb=nb, resources=resources, km=km, **kwargs).execute()
           ^^^^^^^^^^^^^^^^^^^^^^^^^^^^^^^^^^^^^^^^^^^^^^^^^^^^^^^^^^^^^^^^^^^^^
  File "C:\Users\jpine\AppData\Local\Programs\Python\Python312\Lib\site-packages\jupyter_core\utils\__init__.py", line 165, in wrapped
    return loop.run_until_complete(inner)
           ^^^^^^^^^^^^^^^^^^^^^^^^^^^^^^
  File "C:\Users\jpine\AppData\Local\Programs\Python\Python312\Lib\asyncio\base_events.py", line 687, in run_until_complete
    return future.result()
           ^^^^^^^^^^^^^^^
  File "C:\Users\jpine\AppData\Local\Programs\Python\Python312\Lib\site-packages\nbclient\client.py", line 705, in async_execute
    await self.async_execute_cell(
  File "C:\Users\jpine\AppData\Local\Programs\Python\Python312\Lib\site-packages\nbclient\client.py", line 1001, in async_execute_cell
    exec_reply = await self.task_poll_for_reply
                 ^^^^^^^^^^^^^^^^^^^^^^^^^^^^^^
  File "C:\Users\jpine\AppData\Local\Programs\Python\Python312\Lib\site-packages\nbclient\client.py", line 802, in _async_poll_for_reply
    error_on_timeout_execute_reply = await self._async_handle_timeout(timeout, cell)
                                     ^^^^^^^^^^^^^^^^^^^^^^^^^^^^^^^^^^^^^^^^^^^^^^^
  File "C:\Users\jpine\AppData\Local\Programs\Python\Python312\Lib\site-packages\nbclient\client.py", line 852, in _async_handle_timeout
    raise CellTimeoutError.error_from_timeout_and_cell(
nbclient.exceptions.CellTimeoutError: A cell timed out while it was being executed, after 30 seconds.
The message was: Cell execution timed out.
Here is a preview of the cell contents:
-------------------
['# --------------------------------------------------------------------', '# Pregunta 7: Si se observa la cadena durante una semana, ¿cuánto tiempo esperado pasará', '#  el hospital con más de 3 pacientes de tipo 1 y menos de 2 pacientes de tipo 2,', '#  dado que había uno solo de cada tipo al inicio.', '']
...
['        idx_destino = index(x1, x2)', '        # Extraemos el tiempo de ocupación de ese estado específico y lo sumamos', '        tiempo_total_esperado += matriz_ocupacion[idx_inicial, idx_destino]', '', 'print(f"Tiempo esperado con >3 pacientes tipo 1 y <2 tipo 2 durante 1 semana: {tiempo_total_esperado:.4f} horas")']
-------------------

